actionid: tox
msg: packaging
cmdargs: ['/usr/bin/python', local('/Users/felixchen/Desktop/djangogirls/setup.py'), 'sdist', '--formats=zip', '--dist-dir', local('/Users/felixchen/Desktop/djangogirls/.tox/dist')]

/System/Library/Frameworks/Python.framework/Versions/2.7/lib/python2.7/distutils/dist.py:267: UserWarning: Unknown distribution option: 'script'
  warnings.warn(msg)
running sdist
running egg_info
writing test_tox.egg-info/PKG-INFO
writing top-level names to test_tox.egg-info/top_level.txt
writing dependency_links to test_tox.egg-info/dependency_links.txt
reading manifest file 'test_tox.egg-info/SOURCES.txt'
writing manifest file 'test_tox.egg-info/SOURCES.txt'
warning: sdist: standard file not found: should have one of README, README.rst, README.txt

running check
warning: check: missing required meta-data: url

warning: check: missing meta-data: either (author and author_email) or (maintainer and maintainer_email) must be supplied

creating test_tox-0.0.0
creating test_tox-0.0.0/test_tox.egg-info
making hard links in test_tox-0.0.0...
hard linking setup.py -> test_tox-0.0.0
hard linking test_tox.egg-info/PKG-INFO -> test_tox-0.0.0/test_tox.egg-info
hard linking test_tox.egg-info/SOURCES.txt -> test_tox-0.0.0/test_tox.egg-info
hard linking test_tox.egg-info/dependency_links.txt -> test_tox-0.0.0/test_tox.egg-info
hard linking test_tox.egg-info/top_level.txt -> test_tox-0.0.0/test_tox.egg-info
Writing test_tox-0.0.0/setup.cfg
creating '.tox/dist/test_tox-0.0.0.zip' and adding 'test_tox-0.0.0' to it
adding 'test_tox-0.0.0/PKG-INFO'
adding 'test_tox-0.0.0/setup.py'
adding 'test_tox-0.0.0/setup.cfg'
adding 'test_tox-0.0.0/test_tox.egg-info/PKG-INFO'
adding 'test_tox-0.0.0/test_tox.egg-info/SOURCES.txt'
adding 'test_tox-0.0.0/test_tox.egg-info/top_level.txt'
adding 'test_tox-0.0.0/test_tox.egg-info/dependency_links.txt'
removing 'test_tox-0.0.0' (and everything under it)
